<?xml version="1.0" encoding="UTF-8"?>
<testng-results ignored="0" total="7" passed="7" failed="0" skipped="0">
  <reporter-output>
  </reporter-output>
  <suite started-at="2024-05-05T22:34:39 IST" name="Default suite" finished-at="2024-05-05T22:36:52 IST" duration-ms="132920">
    <groups>
    </groups>
    <test started-at="2024-05-05T22:34:39 IST" name="Default test" finished-at="2024-05-05T22:36:52 IST" duration-ms="132920">
      <class name="testpkg.ebaytest">
        <test-method is-config="true" signature="setUp()[pri:0, instance:testpkg.ebaytest@2ddc9a9f]" started-at="2024-05-05T22:34:39 IST" name="setUp" finished-at="2024-05-05T22:34:44 IST" duration-ms="5259" status="PASS">
          <reporter-output>
          </reporter-output>
        </test-method> <!-- setUp -->
        <test-method signature="verifytest()[pri:1, instance:testpkg.ebaytest@2ddc9a9f]" started-at="2024-05-05T22:34:44 IST" name="verifytest" finished-at="2024-05-05T22:35:34 IST" duration-ms="49716" status="PASS">
          <reporter-output>
          </reporter-output>
        </test-method> <!-- verifytest -->
        <test-method signature="addItems()[pri:2, instance:testpkg.ebaytest@2ddc9a9f]" started-at="2024-05-05T22:35:34 IST" name="addItems" finished-at="2024-05-05T22:35:48 IST" duration-ms="14126" status="PASS">
          <reporter-output>
          </reporter-output>
        </test-method> <!-- addItems -->
        <test-method signature="selectCategory()[pri:3, instance:testpkg.ebaytest@2ddc9a9f]" started-at="2024-05-05T22:35:48 IST" name="selectCategory" finished-at="2024-05-05T22:35:51 IST" duration-ms="2537" status="PASS">
          <reporter-output>
          </reporter-output>
        </test-method> <!-- selectCategory -->
        <test-method signature="fashion()[pri:4, instance:testpkg.ebaytest@2ddc9a9f]" started-at="2024-05-05T22:35:51 IST" name="fashion" finished-at="2024-05-05T22:36:43 IST" duration-ms="52260" status="PASS">
          <reporter-output>
          </reporter-output>
        </test-method> <!-- fashion -->
        <test-method signature="dailydeals()[pri:5, instance:testpkg.ebaytest@2ddc9a9f]" started-at="2024-05-05T22:36:43 IST" name="dailydeals" finished-at="2024-05-05T22:36:45 IST" duration-ms="1684" status="PASS">
          <reporter-output>
          </reporter-output>
        </test-method> <!-- dailydeals -->
        <test-method signature="home()[pri:6, instance:testpkg.ebaytest@2ddc9a9f]" started-at="2024-05-05T22:36:45 IST" name="home" finished-at="2024-05-05T22:36:48 IST" duration-ms="3569" status="PASS">
          <reporter-output>
          </reporter-output>
        </test-method> <!-- home -->
        <test-method signature="signout()[pri:7, instance:testpkg.ebaytest@2ddc9a9f]" started-at="2024-05-05T22:36:48 IST" name="signout" finished-at="2024-05-05T22:36:52 IST" duration-ms="3661" status="PASS">
          <reporter-output>
          </reporter-output>
        </test-method> <!-- signout -->
      </class> <!-- testpkg.ebaytest -->
    </test> <!-- Default test -->
  </suite> <!-- Default suite -->
</testng-results>
